Build started 4/28/2025 5:54:29 PM.
     1>Project "c:\Users\user1\documents\visual studio 2010\Projects\Pr_5_1_2025\Pr_5_1_2025\Pr_5_1_2025.vcxproj" on node 2 (build target(s)).
     1>InitializeBuildStatus:
         Creating "Debug\Pr_5_1_2025.unsuccessfulbuild" because "AlwaysCreate" was specified.
       ClCompile:
         C:\Program Files (x86)\Microsoft Visual Studio 10.0\VC\bin\CL.exe /c /ZI /nologo /W3 /WX- /Od /Oy- /D _MBCS /Gm /EHsc /RTC1 /MDd /GS /fp:precise /Zc:wchar_t /Zc:forScope /Fo"Debug\\" /Fd"Debug\vc100.pdb" /Gd /TP /analyze- /errorReport:prompt suma_el_matrice.cpp
         suma_el_matrice.cpp
     1>c:\users\user1\documents\visual studio 2010\projects\pr_5_1_2025\pr_5_1_2025\suma_el_matrice.cpp(6): warning C4067: unexpected tokens following preprocessor directive - expected a newline
     1>c:\users\user1\documents\visual studio 2010\projects\pr_5_1_2025\pr_5_1_2025\suma_el_matrice.cpp(49): warning C4996: 'getch': The POSIX name for this item is deprecated. Instead, use the ISO C++ conformant name: _getch. See online help for details.
                 c:\program files (x86)\microsoft visual studio 10.0\vc\include\conio.h(128) : see declaration of 'getch'
       Link:
         C:\Program Files (x86)\Microsoft Visual Studio 10.0\VC\bin\link.exe /ERRORREPORT:PROMPT /OUT:"c:\users\user1\documents\visual studio 2010\Projects\Pr_5_1_2025\Debug\Pr_5_1_2025.exe" /NOLOGO kernel32.lib user32.lib gdi32.lib winspool.lib comdlg32.lib advapi32.lib shell32.lib ole32.lib oleaut32.lib uuid.lib odbc32.lib odbccp32.lib /MANIFEST /ManifestFile:"Debug\Pr_5_1_2025.exe.intermediate.manifest" /MANIFESTUAC:"level='asInvoker' uiAccess='false'" /DEBUG /PDB:"c:\users\user1\documents\visual studio 2010\Projects\Pr_5_1_2025\Debug\Pr_5_1_2025.pdb" /TLBID:1 /DYNAMICBASE /NXCOMPAT /IMPLIB:"c:\users\user1\documents\visual studio 2010\Projects\Pr_5_1_2025\Debug\Pr_5_1_2025.lib" /MACHINE:X86 Debug\suma_el_matrice.obj
         LINK : c:\users\user1\documents\visual studio 2010\Projects\Pr_5_1_2025\Debug\Pr_5_1_2025.exe not found or not built by the last incremental link; performing full link
         Pr_5_1_2025.vcxproj -> c:\users\user1\documents\visual studio 2010\Projects\Pr_5_1_2025\Debug\Pr_5_1_2025.exe
       Manifest:
         C:\Program Files (x86)\Microsoft SDKs\Windows\v7.0A\bin\mt.exe /nologo /verbose /outputresource:"c:\users\user1\documents\visual studio 2010\Projects\Pr_5_1_2025\Debug\Pr_5_1_2025.exe;#1" /manifest Debug\Pr_5_1_2025.exe.intermediate.manifest
       FinalizeBuildStatus:
         Deleting file "Debug\Pr_5_1_2025.unsuccessfulbuild".
         Touching "Debug\Pr_5_1_2025.lastbuildstate".
     1>Done Building Project "c:\Users\user1\documents\visual studio 2010\Projects\Pr_5_1_2025\Pr_5_1_2025\Pr_5_1_2025.vcxproj" (build target(s)).

Build succeeded.

Time Elapsed 00:00:00.46
